Analysis & Synthesis report for CLOCK
Sat Jul 14 17:14:57 2018
Quartus Prime Version 16.1.0 Build 196 10/24/2016 SJ Lite Edition


---------------------
; Table of Contents ;
---------------------
  1. Legal Notice
  2. Analysis & Synthesis Summary
  3. Analysis & Synthesis Settings
  4. Parallel Compilation
  5. Analysis & Synthesis Source Files Read
  6. Analysis & Synthesis Resource Usage Summary
  7. Analysis & Synthesis Resource Utilization by Entity
  8. General Register Statistics
  9. Multiplexer Restructuring Statistics (Restructuring Performed)
 10. Parameter Settings for User Entity Instance: CLOCK_DIVIDE:base1
 11. Parameter Settings for User Entity Instance: CLOCK_DIVIDE:base1|COUNTER:base_p
 12. Parameter Settings for User Entity Instance: CLOCK_DIVIDE:base1|COUNTER:base_n
 13. Parameter Settings for User Entity Instance: CLOCK_DIVIDE:base2
 14. Parameter Settings for User Entity Instance: CLOCK_DIVIDE:base2|COUNTER:base_p
 15. Parameter Settings for User Entity Instance: CLOCK_DIVIDE:base2|COUNTER:base_n
 16. Parameter Settings for User Entity Instance: COUNTER:MSL
 17. Parameter Settings for User Entity Instance: COUNTER:MSH
 18. Parameter Settings for User Entity Instance: COUNTER:SL
 19. Parameter Settings for User Entity Instance: COUNTER:SH
 20. Parameter Settings for User Entity Instance: COUNTER:ML
 21. Parameter Settings for User Entity Instance: COUNTER:MH
 22. Port Connectivity Checks: "COUNTER:MH"
 23. Port Connectivity Checks: "CLOCK_DIVIDE:base2|COUNTER:base_n"
 24. Port Connectivity Checks: "CLOCK_DIVIDE:base2|COUNTER:base_p"
 25. Port Connectivity Checks: "CLOCK_DIVIDE:base1|COUNTER:base_n"
 26. Port Connectivity Checks: "CLOCK_DIVIDE:base1|COUNTER:base_p"
 27. Post-Synthesis Netlist Statistics for Top Partition
 28. Elapsed Time Per Partition
 29. Analysis & Synthesis Messages



----------------
; Legal Notice ;
----------------
Copyright (C) 2016  Intel Corporation. All rights reserved.
Your use of Intel Corporation's design tools, logic functions 
and other software and tools, and its AMPP partner logic 
functions, and any output files from any of the foregoing 
(including device programming or simulation files), and any 
associated documentation or information are expressly subject 
to the terms and conditions of the Intel Program License 
Subscription Agreement, the Intel Quartus Prime License Agreement,
the Intel MegaCore Function License Agreement, or other 
applicable license agreement, including, without limitation, 
that your use is for the sole purpose of programming logic 
devices manufactured by Intel and sold by Intel or its 
authorized distributors.  Please refer to the applicable 
agreement for further details.



+-------------------------------------------------------------------------------+
; Analysis & Synthesis Summary                                                  ;
+---------------------------------+---------------------------------------------+
; Analysis & Synthesis Status     ; Successful - Sat Jul 14 17:14:57 2018       ;
; Quartus Prime Version           ; 16.1.0 Build 196 10/24/2016 SJ Lite Edition ;
; Revision Name                   ; CLOCK                                       ;
; Top-level Entity Name           ; CLOCK                                       ;
; Family                          ; Cyclone V                                   ;
; Logic utilization (in ALMs)     ; N/A                                         ;
; Total registers                 ; 96                                          ;
; Total pins                      ; 30                                          ;
; Total virtual pins              ; 0                                           ;
; Total block memory bits         ; 0                                           ;
; Total DSP Blocks                ; 0                                           ;
; Total HSSI RX PCSs              ; 0                                           ;
; Total HSSI PMA RX Deserializers ; 0                                           ;
; Total HSSI TX PCSs              ; 0                                           ;
; Total HSSI PMA TX Serializers   ; 0                                           ;
; Total PLLs                      ; 0                                           ;
; Total DLLs                      ; 0                                           ;
+---------------------------------+---------------------------------------------+


+---------------------------------------------------------------------------------------------------------------------------+
; Analysis & Synthesis Settings                                                                                             ;
+---------------------------------------------------------------------------------+--------------------+--------------------+
; Option                                                                          ; Setting            ; Default Value      ;
+---------------------------------------------------------------------------------+--------------------+--------------------+
; Device                                                                          ; 5CGXFC7C7F23C8     ;                    ;
; Top-level entity name                                                           ; CLOCK              ; CLOCK              ;
; Family name                                                                     ; Cyclone V          ; Cyclone V          ;
; Use smart compilation                                                           ; Off                ; Off                ;
; Enable parallel Assembler and TimeQuest Timing Analyzer during compilation      ; On                 ; On                 ;
; Enable compact report table                                                     ; Off                ; Off                ;
; Restructure Multiplexers                                                        ; Auto               ; Auto               ;
; MLAB Add Timing Constraints For Mixed-Port Feed-Through Mode Setting Don't Care ; Off                ; Off                ;
; Create Debugging Nodes for IP Cores                                             ; Off                ; Off                ;
; Preserve fewer node names                                                       ; On                 ; On                 ;
; OpenCore Plus hardware evaluation                                               ; Enable             ; Enable             ;
; Verilog Version                                                                 ; Verilog_2001       ; Verilog_2001       ;
; VHDL Version                                                                    ; VHDL_1993          ; VHDL_1993          ;
; State Machine Processing                                                        ; Auto               ; Auto               ;
; Safe State Machine                                                              ; Off                ; Off                ;
; Extract Verilog State Machines                                                  ; On                 ; On                 ;
; Extract VHDL State Machines                                                     ; On                 ; On                 ;
; Ignore Verilog initial constructs                                               ; Off                ; Off                ;
; Iteration limit for constant Verilog loops                                      ; 5000               ; 5000               ;
; Iteration limit for non-constant Verilog loops                                  ; 250                ; 250                ;
; Add Pass-Through Logic to Inferred RAMs                                         ; On                 ; On                 ;
; Infer RAMs from Raw Logic                                                       ; On                 ; On                 ;
; Parallel Synthesis                                                              ; On                 ; On                 ;
; DSP Block Balancing                                                             ; Auto               ; Auto               ;
; NOT Gate Push-Back                                                              ; On                 ; On                 ;
; Power-Up Don't Care                                                             ; On                 ; On                 ;
; Remove Redundant Logic Cells                                                    ; Off                ; Off                ;
; Remove Duplicate Registers                                                      ; On                 ; On                 ;
; Ignore CARRY Buffers                                                            ; Off                ; Off                ;
; Ignore CASCADE Buffers                                                          ; Off                ; Off                ;
; Ignore GLOBAL Buffers                                                           ; Off                ; Off                ;
; Ignore ROW GLOBAL Buffers                                                       ; Off                ; Off                ;
; Ignore LCELL Buffers                                                            ; Off                ; Off                ;
; Ignore SOFT Buffers                                                             ; On                 ; On                 ;
; Limit AHDL Integers to 32 Bits                                                  ; Off                ; Off                ;
; Optimization Technique                                                          ; Balanced           ; Balanced           ;
; Carry Chain Length                                                              ; 70                 ; 70                 ;
; Auto Carry Chains                                                               ; On                 ; On                 ;
; Auto Open-Drain Pins                                                            ; On                 ; On                 ;
; Perform WYSIWYG Primitive Resynthesis                                           ; Off                ; Off                ;
; Auto ROM Replacement                                                            ; On                 ; On                 ;
; Auto RAM Replacement                                                            ; On                 ; On                 ;
; Auto DSP Block Replacement                                                      ; On                 ; On                 ;
; Auto Shift Register Replacement                                                 ; Auto               ; Auto               ;
; Allow Shift Register Merging across Hierarchies                                 ; Auto               ; Auto               ;
; Auto Clock Enable Replacement                                                   ; On                 ; On                 ;
; Strict RAM Replacement                                                          ; Off                ; Off                ;
; Allow Synchronous Control Signals                                               ; On                 ; On                 ;
; Force Use of Synchronous Clear Signals                                          ; Off                ; Off                ;
; Auto Resource Sharing                                                           ; Off                ; Off                ;
; Allow Any RAM Size For Recognition                                              ; Off                ; Off                ;
; Allow Any ROM Size For Recognition                                              ; Off                ; Off                ;
; Allow Any Shift Register Size For Recognition                                   ; Off                ; Off                ;
; Use LogicLock Constraints during Resource Balancing                             ; On                 ; On                 ;
; Ignore translate_off and synthesis_off directives                               ; Off                ; Off                ;
; Timing-Driven Synthesis                                                         ; On                 ; On                 ;
; Report Parameter Settings                                                       ; On                 ; On                 ;
; Report Source Assignments                                                       ; On                 ; On                 ;
; Report Connectivity Checks                                                      ; On                 ; On                 ;
; Ignore Maximum Fan-Out Assignments                                              ; Off                ; Off                ;
; Synchronization Register Chain Length                                           ; 3                  ; 3                  ;
; PowerPlay Power Optimization During Synthesis                                   ; Normal compilation ; Normal compilation ;
; HDL message level                                                               ; Level2             ; Level2             ;
; Suppress Register Optimization Related Messages                                 ; Off                ; Off                ;
; Number of Removed Registers Reported in Synthesis Report                        ; 5000               ; 5000               ;
; Number of Swept Nodes Reported in Synthesis Report                              ; 5000               ; 5000               ;
; Number of Inverted Registers Reported in Synthesis Report                       ; 100                ; 100                ;
; Clock MUX Protection                                                            ; On                 ; On                 ;
; Auto Gated Clock Conversion                                                     ; Off                ; Off                ;
; Block Design Naming                                                             ; Auto               ; Auto               ;
; SDC constraint protection                                                       ; Off                ; Off                ;
; Synthesis Effort                                                                ; Auto               ; Auto               ;
; Shift Register Replacement - Allow Asynchronous Clear Signal                    ; On                 ; On                 ;
; Pre-Mapping Resynthesis Optimization                                            ; Off                ; Off                ;
; Analysis & Synthesis Message Level                                              ; Medium             ; Medium             ;
; Disable Register Merging Across Hierarchies                                     ; Auto               ; Auto               ;
; Resource Aware Inference For Block RAM                                          ; On                 ; On                 ;
; Automatic Parallel Synthesis                                                    ; On                 ; On                 ;
; Partial Reconfiguration Bitstream ID                                            ; Off                ; Off                ;
+---------------------------------------------------------------------------------+--------------------+--------------------+


+------------------------------------------+
; Parallel Compilation                     ;
+----------------------------+-------------+
; Processors                 ; Number      ;
+----------------------------+-------------+
; Number detected on machine ; 8           ;
; Maximum allowed            ; 4           ;
;                            ;             ;
; Average used               ; 1.00        ;
; Maximum used               ; 4           ;
;                            ;             ;
; Usage by Processor         ; % Time Used ;
;     Processor 1            ; 100.0%      ;
;     Processor 2            ;   0.0%      ;
;     Processors 3-4         ;   0.0%      ;
+----------------------------+-------------+


+-------------------------------------------------------------------------------------------------------------------------------------+
; Analysis & Synthesis Source Files Read                                                                                              ;
+----------------------------------+-----------------+------------------------+---------------------------------------------+---------+
; File Name with User-Entered Path ; Used in Netlist ; File Type              ; File Name with Absolute Path                ; Library ;
+----------------------------------+-----------------+------------------------+---------------------------------------------+---------+
; DP4.v                            ; yes             ; User Verilog HDL File  ; C:/Users/86769/Desktop/CLOCK/DP4.v          ;         ;
; DP1.v                            ; yes             ; User Verilog HDL File  ; C:/Users/86769/Desktop/CLOCK/DP1.v          ;         ;
; COUNTER.v                        ; yes             ; User Verilog HDL File  ; C:/Users/86769/Desktop/CLOCK/COUNTER.v      ;         ;
; CLOCK_DIVIDE.v                   ; yes             ; User Verilog HDL File  ; C:/Users/86769/Desktop/CLOCK/CLOCK_DIVIDE.v ;         ;
; AN4.v                            ; yes             ; User Verilog HDL File  ; C:/Users/86769/Desktop/CLOCK/AN4.v          ;         ;
; CLOCK.v                          ; yes             ; User Verilog HDL File  ; C:/Users/86769/Desktop/CLOCK/CLOCK.v        ;         ;
+----------------------------------+-----------------+------------------------+---------------------------------------------+---------+


+---------------------------------------------------------+
; Analysis & Synthesis Resource Usage Summary             ;
+---------------------------------------------+-----------+
; Resource                                    ; Usage     ;
+---------------------------------------------+-----------+
; Estimate of Logic utilization (ALMs needed) ; 71        ;
;                                             ;           ;
; Combinational ALUT usage for logic          ; 138       ;
;     -- 7 input functions                    ; 0         ;
;     -- 6 input functions                    ; 4         ;
;     -- 5 input functions                    ; 10        ;
;     -- 4 input functions                    ; 44        ;
;     -- <=3 input functions                  ; 80        ;
;                                             ;           ;
; Dedicated logic registers                   ; 96        ;
;                                             ;           ;
; I/O pins                                    ; 30        ;
;                                             ;           ;
; Total DSP Blocks                            ; 0         ;
;                                             ;           ;
; Maximum fan-out node                        ; rst~input ;
; Maximum fan-out                             ; 94        ;
; Total fan-out                               ; 795       ;
; Average fan-out                             ; 2.70      ;
+---------------------------------------------+-----------+


+--------------------------------------------------------------------------------------------------------------------------------------------------------------------------------------------------------------+
; Analysis & Synthesis Resource Utilization by Entity                                                                                                                                                          ;
+----------------------------+---------------------+---------------------------+-------------------+------------+------+--------------+------------------------------------------+--------------+--------------+
; Compilation Hierarchy Node ; Combinational ALUTs ; Dedicated Logic Registers ; Block Memory Bits ; DSP Blocks ; Pins ; Virtual Pins ; Full Hierarchy Name                      ; Entity Name  ; Library Name ;
+----------------------------+---------------------+---------------------------+-------------------+------------+------+--------------+------------------------------------------+--------------+--------------+
; |CLOCK                     ; 138 (2)             ; 96 (1)                    ; 0                 ; 0          ; 30   ; 0            ; |CLOCK                                   ; CLOCK        ; work         ;
;    |CLOCK_DIVIDE:base1|    ; 45 (3)              ; 38 (2)                    ; 0                 ; 0          ; 0    ; 0            ; |CLOCK|CLOCK_DIVIDE:base1                ; CLOCK_DIVIDE ; work         ;
;       |COUNTER:base_n|     ; 21 (21)             ; 18 (18)                   ; 0                 ; 0          ; 0    ; 0            ; |CLOCK|CLOCK_DIVIDE:base1|COUNTER:base_n ; COUNTER      ; work         ;
;       |COUNTER:base_p|     ; 21 (21)             ; 18 (18)                   ; 0                 ; 0          ; 0    ; 0            ; |CLOCK|CLOCK_DIVIDE:base1|COUNTER:base_p ; COUNTER      ; work         ;
;    |CLOCK_DIVIDE:base2|    ; 31 (3)              ; 26 (2)                    ; 0                 ; 0          ; 0    ; 0            ; |CLOCK|CLOCK_DIVIDE:base2                ; CLOCK_DIVIDE ; work         ;
;       |COUNTER:base_n|     ; 14 (14)             ; 12 (12)                   ; 0                 ; 0          ; 0    ; 0            ; |CLOCK|CLOCK_DIVIDE:base2|COUNTER:base_n ; COUNTER      ; work         ;
;       |COUNTER:base_p|     ; 14 (14)             ; 12 (12)                   ; 0                 ; 0          ; 0    ; 0            ; |CLOCK|CLOCK_DIVIDE:base2|COUNTER:base_p ; COUNTER      ; work         ;
;    |COUNTER:MH|            ; 4 (4)               ; 4 (4)                     ; 0                 ; 0          ; 0    ; 0            ; |CLOCK|COUNTER:MH                        ; COUNTER      ; work         ;
;    |COUNTER:ML|            ; 5 (5)               ; 5 (5)                     ; 0                 ; 0          ; 0    ; 0            ; |CLOCK|COUNTER:ML                        ; COUNTER      ; work         ;
;    |COUNTER:MSH|           ; 5 (5)               ; 5 (5)                     ; 0                 ; 0          ; 0    ; 0            ; |CLOCK|COUNTER:MSH                       ; COUNTER      ; work         ;
;    |COUNTER:MSL|           ; 5 (5)               ; 5 (5)                     ; 0                 ; 0          ; 0    ; 0            ; |CLOCK|COUNTER:MSL                       ; COUNTER      ; work         ;
;    |COUNTER:SH|            ; 5 (5)               ; 5 (5)                     ; 0                 ; 0          ; 0    ; 0            ; |CLOCK|COUNTER:SH                        ; COUNTER      ; work         ;
;    |COUNTER:SL|            ; 5 (5)               ; 5 (5)                     ; 0                 ; 0          ; 0    ; 0            ; |CLOCK|COUNTER:SL                        ; COUNTER      ; work         ;
;    |DP1_N:dp2|             ; 7 (7)               ; 0 (0)                     ; 0                 ; 0          ; 0    ; 0            ; |CLOCK|DP1_N:dp2                         ; DP1_N        ; work         ;
;    |DP1_N:dp3|             ; 7 (7)               ; 0 (0)                     ; 0                 ; 0          ; 0    ; 0            ; |CLOCK|DP1_N:dp3                         ; DP1_N        ; work         ;
;    |DP4_P:dp1|             ; 17 (6)              ; 2 (2)                     ; 0                 ; 0          ; 0    ; 0            ; |CLOCK|DP4_P:dp1                         ; DP4_P        ; work         ;
;       |AN4_P:an4|          ; 4 (4)               ; 0 (0)                     ; 0                 ; 0          ; 0    ; 0            ; |CLOCK|DP4_P:dp1|AN4_P:an4               ; AN4_P        ; work         ;
;       |DP1_P:dp1|          ; 7 (7)               ; 0 (0)                     ; 0                 ; 0          ; 0    ; 0            ; |CLOCK|DP4_P:dp1|DP1_P:dp1               ; DP1_P        ; work         ;
+----------------------------+---------------------+---------------------------+-------------------+------------+------+--------------+------------------------------------------+--------------+--------------+
Note: For table entries with two numbers listed, the numbers in parentheses indicate the number of resources of the given type used by the specific entity alone. The numbers listed outside of parentheses indicate the total resources of the given type used by the specific entity and all of its sub-entities in the hierarchy.


+------------------------------------------------------+
; General Register Statistics                          ;
+----------------------------------------------+-------+
; Statistic                                    ; Value ;
+----------------------------------------------+-------+
; Total registers                              ; 96    ;
; Number of registers using Synchronous Clear  ; 56    ;
; Number of registers using Synchronous Load   ; 0     ;
; Number of registers using Asynchronous Clear ; 85    ;
; Number of registers using Asynchronous Load  ; 0     ;
; Number of registers using Clock Enable       ; 9     ;
; Number of registers using Preset             ; 0     ;
+----------------------------------------------+-------+


+------------------------------------------------------------------------------------------------------------------------------------------+
; Multiplexer Restructuring Statistics (Restructuring Performed)                                                                           ;
+--------------------+-----------+---------------+----------------------+------------------------+------------+----------------------------+
; Multiplexer Inputs ; Bus Width ; Baseline Area ; Area if Restructured ; Saving if Restructured ; Registered ; Example Multiplexer Output ;
+--------------------+-----------+---------------+----------------------+------------------------+------------+----------------------------+
; 4:1                ; 4 bits    ; 8 LEs         ; 8 LEs                ; 0 LEs                  ; No         ; |CLOCK|DP4_P:dp1|Mux1      ;
+--------------------+-----------+---------------+----------------------+------------------------+------------+----------------------------+


+-----------------------------------------------------------------+
; Parameter Settings for User Entity Instance: CLOCK_DIVIDE:base1 ;
+----------------+----------+-------------------------------------+
; Parameter Name ; Value    ; Type                                ;
+----------------+----------+-------------------------------------+
; IN             ; 12000000 ; Signed Integer                      ;
; OUT            ; 100      ; Signed Integer                      ;
; L              ; 17       ; Signed Integer                      ;
+----------------+----------+-------------------------------------+
Note: In order to hide this table in the UI and the text report file, please set the "Show Parameter Settings in Synthesis Report" option in "Analysis and Synthesis Settings -> More Settings" to "Off".


+--------------------------------------------------------------------------------+
; Parameter Settings for User Entity Instance: CLOCK_DIVIDE:base1|COUNTER:base_p ;
+----------------+-------+-------------------------------------------------------+
; Parameter Name ; Value ; Type                                                  ;
+----------------+-------+-------------------------------------------------------+
; N              ; 59999 ; Signed Integer                                        ;
; L              ; 17    ; Signed Integer                                        ;
+----------------+-------+-------------------------------------------------------+
Note: In order to hide this table in the UI and the text report file, please set the "Show Parameter Settings in Synthesis Report" option in "Analysis and Synthesis Settings -> More Settings" to "Off".


+--------------------------------------------------------------------------------+
; Parameter Settings for User Entity Instance: CLOCK_DIVIDE:base1|COUNTER:base_n ;
+----------------+-------+-------------------------------------------------------+
; Parameter Name ; Value ; Type                                                  ;
+----------------+-------+-------------------------------------------------------+
; N              ; 59999 ; Signed Integer                                        ;
; L              ; 17    ; Signed Integer                                        ;
+----------------+-------+-------------------------------------------------------+
Note: In order to hide this table in the UI and the text report file, please set the "Show Parameter Settings in Synthesis Report" option in "Analysis and Synthesis Settings -> More Settings" to "Off".


+-----------------------------------------------------------------+
; Parameter Settings for User Entity Instance: CLOCK_DIVIDE:base2 ;
+----------------+----------+-------------------------------------+
; Parameter Name ; Value    ; Type                                ;
+----------------+----------+-------------------------------------+
; IN             ; 12000000 ; Signed Integer                      ;
; OUT            ; 6000     ; Signed Integer                      ;
; L              ; 11       ; Signed Integer                      ;
+----------------+----------+-------------------------------------+
Note: In order to hide this table in the UI and the text report file, please set the "Show Parameter Settings in Synthesis Report" option in "Analysis and Synthesis Settings -> More Settings" to "Off".


+--------------------------------------------------------------------------------+
; Parameter Settings for User Entity Instance: CLOCK_DIVIDE:base2|COUNTER:base_p ;
+----------------+-------+-------------------------------------------------------+
; Parameter Name ; Value ; Type                                                  ;
+----------------+-------+-------------------------------------------------------+
; N              ; 999   ; Signed Integer                                        ;
; L              ; 11    ; Signed Integer                                        ;
+----------------+-------+-------------------------------------------------------+
Note: In order to hide this table in the UI and the text report file, please set the "Show Parameter Settings in Synthesis Report" option in "Analysis and Synthesis Settings -> More Settings" to "Off".


+--------------------------------------------------------------------------------+
; Parameter Settings for User Entity Instance: CLOCK_DIVIDE:base2|COUNTER:base_n ;
+----------------+-------+-------------------------------------------------------+
; Parameter Name ; Value ; Type                                                  ;
+----------------+-------+-------------------------------------------------------+
; N              ; 999   ; Signed Integer                                        ;
; L              ; 11    ; Signed Integer                                        ;
+----------------+-------+-------------------------------------------------------+
Note: In order to hide this table in the UI and the text report file, please set the "Show Parameter Settings in Synthesis Report" option in "Analysis and Synthesis Settings -> More Settings" to "Off".


+----------------------------------------------------------+
; Parameter Settings for User Entity Instance: COUNTER:MSL ;
+----------------+-------+---------------------------------+
; Parameter Name ; Value ; Type                            ;
+----------------+-------+---------------------------------+
; N              ; 1010  ; Unsigned Binary                 ;
; L              ; 4     ; Signed Integer                  ;
+----------------+-------+---------------------------------+
Note: In order to hide this table in the UI and the text report file, please set the "Show Parameter Settings in Synthesis Report" option in "Analysis and Synthesis Settings -> More Settings" to "Off".


+----------------------------------------------------------+
; Parameter Settings for User Entity Instance: COUNTER:MSH ;
+----------------+-------+---------------------------------+
; Parameter Name ; Value ; Type                            ;
+----------------+-------+---------------------------------+
; N              ; 1010  ; Unsigned Binary                 ;
; L              ; 4     ; Signed Integer                  ;
+----------------+-------+---------------------------------+
Note: In order to hide this table in the UI and the text report file, please set the "Show Parameter Settings in Synthesis Report" option in "Analysis and Synthesis Settings -> More Settings" to "Off".


+---------------------------------------------------------+
; Parameter Settings for User Entity Instance: COUNTER:SL ;
+----------------+-------+--------------------------------+
; Parameter Name ; Value ; Type                           ;
+----------------+-------+--------------------------------+
; N              ; 1010  ; Unsigned Binary                ;
; L              ; 4     ; Signed Integer                 ;
+----------------+-------+--------------------------------+
Note: In order to hide this table in the UI and the text report file, please set the "Show Parameter Settings in Synthesis Report" option in "Analysis and Synthesis Settings -> More Settings" to "Off".


+---------------------------------------------------------+
; Parameter Settings for User Entity Instance: COUNTER:SH ;
+----------------+-------+--------------------------------+
; Parameter Name ; Value ; Type                           ;
+----------------+-------+--------------------------------+
; N              ; 0110  ; Unsigned Binary                ;
; L              ; 4     ; Signed Integer                 ;
+----------------+-------+--------------------------------+
Note: In order to hide this table in the UI and the text report file, please set the "Show Parameter Settings in Synthesis Report" option in "Analysis and Synthesis Settings -> More Settings" to "Off".


+---------------------------------------------------------+
; Parameter Settings for User Entity Instance: COUNTER:ML ;
+----------------+-------+--------------------------------+
; Parameter Name ; Value ; Type                           ;
+----------------+-------+--------------------------------+
; N              ; 1010  ; Unsigned Binary                ;
; L              ; 4     ; Signed Integer                 ;
+----------------+-------+--------------------------------+
Note: In order to hide this table in the UI and the text report file, please set the "Show Parameter Settings in Synthesis Report" option in "Analysis and Synthesis Settings -> More Settings" to "Off".


+---------------------------------------------------------+
; Parameter Settings for User Entity Instance: COUNTER:MH ;
+----------------+-------+--------------------------------+
; Parameter Name ; Value ; Type                           ;
+----------------+-------+--------------------------------+
; N              ; 0110  ; Unsigned Binary                ;
; L              ; 4     ; Signed Integer                 ;
+----------------+-------+--------------------------------+
Note: In order to hide this table in the UI and the text report file, please set the "Show Parameter Settings in Synthesis Report" option in "Analysis and Synthesis Settings -> More Settings" to "Off".


+----------------------------------------------------------------------------------------------------------------+
; Port Connectivity Checks: "COUNTER:MH"                                                                         ;
+------+--------+----------+-------------------------------------------------------------------------------------+
; Port ; Type   ; Severity ; Details                                                                             ;
+------+--------+----------+-------------------------------------------------------------------------------------+
; cf   ; Output ; Info     ; Connected to dangling logic. Logic that only feeds a dangling port will be removed. ;
+------+--------+----------+-------------------------------------------------------------------------------------+


+-------------------------------------------------------------------------------------------------------------------------------------+
; Port Connectivity Checks: "CLOCK_DIVIDE:base2|COUNTER:base_n"                                                                       ;
+------+--------+----------+----------------------------------------------------------------------------------------------------------+
; Port ; Type   ; Severity ; Details                                                                                                  ;
+------+--------+----------+----------------------------------------------------------------------------------------------------------+
; num  ; Output ; Warning  ; Declared by entity but not connected by instance. Logic that only feeds a dangling port will be removed. ;
+------+--------+----------+----------------------------------------------------------------------------------------------------------+


+-------------------------------------------------------------------------------------------------------------------------------------+
; Port Connectivity Checks: "CLOCK_DIVIDE:base2|COUNTER:base_p"                                                                       ;
+------+--------+----------+----------------------------------------------------------------------------------------------------------+
; Port ; Type   ; Severity ; Details                                                                                                  ;
+------+--------+----------+----------------------------------------------------------------------------------------------------------+
; num  ; Output ; Warning  ; Declared by entity but not connected by instance. Logic that only feeds a dangling port will be removed. ;
+------+--------+----------+----------------------------------------------------------------------------------------------------------+


+-------------------------------------------------------------------------------------------------------------------------------------+
; Port Connectivity Checks: "CLOCK_DIVIDE:base1|COUNTER:base_n"                                                                       ;
+------+--------+----------+----------------------------------------------------------------------------------------------------------+
; Port ; Type   ; Severity ; Details                                                                                                  ;
+------+--------+----------+----------------------------------------------------------------------------------------------------------+
; num  ; Output ; Warning  ; Declared by entity but not connected by instance. Logic that only feeds a dangling port will be removed. ;
+------+--------+----------+----------------------------------------------------------------------------------------------------------+


+-------------------------------------------------------------------------------------------------------------------------------------+
; Port Connectivity Checks: "CLOCK_DIVIDE:base1|COUNTER:base_p"                                                                       ;
+------+--------+----------+----------------------------------------------------------------------------------------------------------+
; Port ; Type   ; Severity ; Details                                                                                                  ;
+------+--------+----------+----------------------------------------------------------------------------------------------------------+
; num  ; Output ; Warning  ; Declared by entity but not connected by instance. Logic that only feeds a dangling port will be removed. ;
+------+--------+----------+----------------------------------------------------------------------------------------------------------+


+-----------------------------------------------------+
; Post-Synthesis Netlist Statistics for Top Partition ;
+-----------------------+-----------------------------+
; Type                  ; Count                       ;
+-----------------------+-----------------------------+
; arriav_ff             ; 96                          ;
;     CLR               ; 29                          ;
;     CLR SCLR          ; 56                          ;
;     ENA               ; 9                           ;
;     plain             ; 2                           ;
; arriav_lcell_comb     ; 153                         ;
;     arith             ; 56                          ;
;         1 data inputs ; 56                          ;
;     normal            ; 97                          ;
;         0 data inputs ; 1                           ;
;         1 data inputs ; 26                          ;
;         2 data inputs ; 8                           ;
;         3 data inputs ; 4                           ;
;         4 data inputs ; 44                          ;
;         5 data inputs ; 10                          ;
;         6 data inputs ; 4                           ;
; boundary_port         ; 30                          ;
;                       ;                             ;
; Max LUT depth         ; 3.00                        ;
; Average LUT depth     ; 1.84                        ;
+-----------------------+-----------------------------+


+-------------------------------+
; Elapsed Time Per Partition    ;
+----------------+--------------+
; Partition Name ; Elapsed Time ;
+----------------+--------------+
; Top            ; 00:00:00     ;
+----------------+--------------+


+-------------------------------+
; Analysis & Synthesis Messages ;
+-------------------------------+
Info: *******************************************************************
Info: Running Quartus Prime Analysis & Synthesis
    Info: Version 16.1.0 Build 196 10/24/2016 SJ Lite Edition
    Info: Processing started: Sat Jul 14 17:14:42 2018
Info: Command: quartus_map --read_settings_files=on --write_settings_files=off CLOCK -c CLOCK
Warning (18236): Number of processors has not been specified which may cause overloading on shared machines.  Set the global assignment NUM_PARALLEL_PROCESSORS in your QSF to an appropriate value for best performance.
Info (20030): Parallel compilation is enabled and will use 4 of the 4 processors detected
Info (12021): Found 1 design units, including 1 entities, in source file test.v
    Info (12023): Found entity 1: TEST File: C:/Users/86769/Desktop/CLOCK/TEST.v Line: 2
Info (12021): Found 2 design units, including 2 entities, in source file dp4.v
    Info (12023): Found entity 1: DP4_P File: C:/Users/86769/Desktop/CLOCK/DP4.v Line: 2
    Info (12023): Found entity 2: DP4_N File: C:/Users/86769/Desktop/CLOCK/DP4.v Line: 35
Info (12021): Found 2 design units, including 2 entities, in source file dp2.v
    Info (12023): Found entity 1: DP2_P File: C:/Users/86769/Desktop/CLOCK/DP2.v Line: 2
    Info (12023): Found entity 2: DP2_N File: C:/Users/86769/Desktop/CLOCK/DP2.v Line: 27
Info (12021): Found 2 design units, including 2 entities, in source file dp1.v
    Info (12023): Found entity 1: DP1_P File: C:/Users/86769/Desktop/CLOCK/DP1.v Line: 6
    Info (12023): Found entity 2: DP1_N File: C:/Users/86769/Desktop/CLOCK/DP1.v Line: 47
Info (12021): Found 1 design units, including 1 entities, in source file counter.v
    Info (12023): Found entity 1: COUNTER File: C:/Users/86769/Desktop/CLOCK/COUNTER.v Line: 1
Info (12021): Found 1 design units, including 1 entities, in source file clock_divide.v
    Info (12023): Found entity 1: CLOCK_DIVIDE File: C:/Users/86769/Desktop/CLOCK/CLOCK_DIVIDE.v Line: 1
Info (12021): Found 2 design units, including 2 entities, in source file an4.v
    Info (12023): Found entity 1: AN4_P File: C:/Users/86769/Desktop/CLOCK/AN4.v Line: 3
    Info (12023): Found entity 2: AN4_N File: C:/Users/86769/Desktop/CLOCK/AN4.v Line: 20
Info (12021): Found 1 design units, including 1 entities, in source file an2.v
    Info (12023): Found entity 1: AN2 File: C:/Users/86769/Desktop/CLOCK/AN2.v Line: 1
Info (12021): Found 1 design units, including 1 entities, in source file clock.v
    Info (12023): Found entity 1: CLOCK File: C:/Users/86769/Desktop/CLOCK/CLOCK.v Line: 1
Info (12127): Elaborating entity "CLOCK" for the top level hierarchy
Info (12128): Elaborating entity "CLOCK_DIVIDE" for hierarchy "CLOCK_DIVIDE:base1" File: C:/Users/86769/Desktop/CLOCK/clock.v Line: 33
Info (12128): Elaborating entity "COUNTER" for hierarchy "CLOCK_DIVIDE:base1|COUNTER:base_p" File: C:/Users/86769/Desktop/CLOCK/clock_divide.v Line: 16
Warning (10230): Verilog HDL assignment warning at counter.v(19): truncated value with size 32 to match size of target (17) File: C:/Users/86769/Desktop/CLOCK/counter.v Line: 19
Info (12128): Elaborating entity "CLOCK_DIVIDE" for hierarchy "CLOCK_DIVIDE:base2" File: C:/Users/86769/Desktop/CLOCK/clock.v Line: 34
Info (12128): Elaborating entity "COUNTER" for hierarchy "CLOCK_DIVIDE:base2|COUNTER:base_p" File: C:/Users/86769/Desktop/CLOCK/clock_divide.v Line: 16
Warning (10230): Verilog HDL assignment warning at counter.v(19): truncated value with size 32 to match size of target (11) File: C:/Users/86769/Desktop/CLOCK/counter.v Line: 19
Info (12128): Elaborating entity "COUNTER" for hierarchy "COUNTER:MSL" File: C:/Users/86769/Desktop/CLOCK/clock.v Line: 36
Warning (10230): Verilog HDL assignment warning at counter.v(19): truncated value with size 32 to match size of target (4) File: C:/Users/86769/Desktop/CLOCK/counter.v Line: 19
Info (12128): Elaborating entity "COUNTER" for hierarchy "COUNTER:SH" File: C:/Users/86769/Desktop/CLOCK/clock.v Line: 39
Warning (10230): Verilog HDL assignment warning at counter.v(19): truncated value with size 32 to match size of target (4) File: C:/Users/86769/Desktop/CLOCK/counter.v Line: 19
Info (12128): Elaborating entity "DP1_N" for hierarchy "DP1_N:dp3" File: C:/Users/86769/Desktop/CLOCK/clock.v Line: 43
Info (12128): Elaborating entity "DP4_P" for hierarchy "DP4_P:dp1" File: C:/Users/86769/Desktop/CLOCK/clock.v Line: 45
Info (12128): Elaborating entity "DP1_P" for hierarchy "DP4_P:dp1|DP1_P:dp1" File: C:/Users/86769/Desktop/CLOCK/DP4.v Line: 20
Info (12128): Elaborating entity "AN4_P" for hierarchy "DP4_P:dp1|AN4_P:an4" File: C:/Users/86769/Desktop/CLOCK/DP4.v Line: 21
Warning (12241): 4 hierarchies have connectivity warnings - see the Connectivity Checks report folder
Warning (13024): Output pins are stuck at VCC or GND
    Warning (13410): Pin "dig3" is stuck at GND File: C:/Users/86769/Desktop/CLOCK/clock.v Line: 9
    Warning (13410): Pin "dig2" is stuck at GND File: C:/Users/86769/Desktop/CLOCK/clock.v Line: 11
Info (286030): Timing-Driven Synthesis is running
Info (16010): Generating hard_block partition "hard_block:auto_generated_inst"
    Info (16011): Adding 0 node(s), including 0 DDIO, 0 PLL, 0 transceiver and 0 LCELL
Info (21057): Implemented 172 device resources after synthesis - the final resource count might be different
    Info (21058): Implemented 3 input pins
    Info (21059): Implemented 27 output pins
    Info (21061): Implemented 142 logic cells
Info: Quartus Prime Analysis & Synthesis was successful. 0 errors, 9 warnings
    Info: Peak virtual memory: 4868 megabytes
    Info: Processing ended: Sat Jul 14 17:14:57 2018
    Info: Elapsed time: 00:00:15
    Info: Total CPU time (on all processors): 00:00:34


